D:\RDM\PROJECTS\33684\ILIVESDK_PUB\SAMPLE\BIN\DEBUG\SUIXINBO_QT.EXE
D:\rdm\projects\33684\iLiveSDK_pub\sample\bin\Debug\suixinbo_Qt.exp
D:\RDM\PROJECTS\33684\ILIVESDK_PUB\SAMPLE\BIN\DEBUG\SUIXINBO_QT.ILK
D:\rdm\projects\33684\iLiveSDK_pub\sample\bin\Debug\suixinbo_Qt.lib
D:\RDM\PROJECTS\33684\ILIVESDK_PUB\SAMPLE\BIN\DEBUG\SUIXINBO_QT.PDB
D:\rdm\projects\33684\iLiveSDK_pub\sample\suixinbo_Qt\Debug\cl.command.1.tlog
D:\rdm\projects\33684\iLiveSDK_pub\sample\suixinbo_Qt\Debug\CL.read.1.tlog
D:\rdm\projects\33684\iLiveSDK_pub\sample\suixinbo_Qt\Debug\CL.write.1.tlog
D:\rdm\projects\33684\iLiveSDK_pub\sample\suixinbo_Qt\Debug\custombuild.command.1.tlog
D:\rdm\projects\33684\iLiveSDK_pub\sample\suixinbo_Qt\Debug\custombuild.read.1.tlog
D:\rdm\projects\33684\iLiveSDK_pub\sample\suixinbo_Qt\Debug\custombuild.write.1.tlog
D:\RDM\PROJECTS\33684\ILIVESDK_PUB\SAMPLE\SUIXINBO_QT\DEBUG\EVENT.OBJ
D:\rdm\projects\33684\iLiveSDK_pub\sample\suixinbo_Qt\Debug\link.command.1.tlog
D:\rdm\projects\33684\iLiveSDK_pub\sample\suixinbo_Qt\Debug\link.read.1.tlog
D:\rdm\projects\33684\iLiveSDK_pub\sample\suixinbo_Qt\Debug\link.write.1.tlog
D:\rdm\projects\33684\iLiveSDK_pub\sample\suixinbo_Qt\Debug\link-cvtres.read.1.tlog
D:\rdm\projects\33684\iLiveSDK_pub\sample\suixinbo_Qt\Debug\link-cvtres.write.1.tlog
D:\RDM\PROJECTS\33684\ILIVESDK_PUB\SAMPLE\SUIXINBO_QT\DEBUG\LIVE.OBJ
D:\RDM\PROJECTS\33684\ILIVESDK_PUB\SAMPLE\SUIXINBO_QT\DEBUG\MAIN.OBJ
D:\RDM\PROJECTS\33684\ILIVESDK_PUB\SAMPLE\SUIXINBO_QT\DEBUG\MAINWINDOW.OBJ
D:\RDM\PROJECTS\33684\ILIVESDK_PUB\SAMPLE\SUIXINBO_QT\DEBUG\MESSAGECALLBACK.OBJ
D:\RDM\PROJECTS\33684\ILIVESDK_PUB\SAMPLE\SUIXINBO_QT\DEBUG\MOC_LIVE.OBJ
D:\RDM\PROJECTS\33684\ILIVESDK_PUB\SAMPLE\SUIXINBO_QT\DEBUG\MOC_MAINWINDOW.OBJ
D:\RDM\PROJECTS\33684\ILIVESDK_PUB\SAMPLE\SUIXINBO_QT\DEBUG\MOC_NETWORKHELPER.OBJ
D:\RDM\PROJECTS\33684\ILIVESDK_PUB\SAMPLE\SUIXINBO_QT\DEBUG\MOC_REGISTER.OBJ
D:\RDM\PROJECTS\33684\ILIVESDK_PUB\SAMPLE\SUIXINBO_QT\DEBUG\MOC_ROOMLISTITEM.OBJ
D:\RDM\PROJECTS\33684\ILIVESDK_PUB\SAMPLE\SUIXINBO_QT\DEBUG\MOC_VIDEORENDER.OBJ
D:\rdm\projects\33684\iLiveSDK_pub\sample\suixinbo_Qt\Debug\mt.command.1.tlog
D:\rdm\projects\33684\iLiveSDK_pub\sample\suixinbo_Qt\Debug\mt.read.1.tlog
D:\rdm\projects\33684\iLiveSDK_pub\sample\suixinbo_Qt\Debug\mt.write.1.tlog
D:\RDM\PROJECTS\33684\ILIVESDK_PUB\SAMPLE\SUIXINBO_QT\DEBUG\NETWORKHELPER.OBJ
D:\RDM\PROJECTS\33684\ILIVESDK_PUB\SAMPLE\SUIXINBO_QT\DEBUG\PICDOWNHELPER.OBJ
D:\RDM\PROJECTS\33684\ILIVESDK_PUB\SAMPLE\SUIXINBO_QT\DEBUG\QRC_RES.OBJ
D:\rdm\projects\33684\iLiveSDK_pub\sample\suixinbo_Qt\Debug\rc.command.1.tlog
D:\rdm\projects\33684\iLiveSDK_pub\sample\suixinbo_Qt\Debug\rc.read.1.tlog
D:\rdm\projects\33684\iLiveSDK_pub\sample\suixinbo_Qt\Debug\rc.write.1.tlog
D:\RDM\PROJECTS\33684\ILIVESDK_PUB\SAMPLE\SUIXINBO_QT\DEBUG\REGISTER.OBJ
D:\RDM\PROJECTS\33684\ILIVESDK_PUB\SAMPLE\SUIXINBO_QT\DEBUG\RES.RES
D:\RDM\PROJECTS\33684\ILIVESDK_PUB\SAMPLE\SUIXINBO_QT\DEBUG\ROOMLISTITEM.OBJ
D:\RDM\PROJECTS\33684\ILIVESDK_PUB\SAMPLE\SUIXINBO_QT\DEBUG\STDAFX.OBJ
D:\RDM\PROJECTS\33684\ILIVESDK_PUB\SAMPLE\SUIXINBO_QT\DEBUG\SUIXINBO_QT.EXE.INTERMEDIATE.MANIFEST
D:\RDM\PROJECTS\33684\ILIVESDK_PUB\SAMPLE\SUIXINBO_QT\DEBUG\SUIXINBO_QT.PCH
D:\rdm\projects\33684\iLiveSDK_pub\sample\suixinbo_Qt\Debug\suixinbo_Qt.write.1.tlog
D:\RDM\PROJECTS\33684\ILIVESDK_PUB\SAMPLE\SUIXINBO_QT\DEBUG\SXBSERVERHELPER.OBJ
D:\RDM\PROJECTS\33684\ILIVESDK_PUB\SAMPLE\SUIXINBO_QT\DEBUG\UTIL.OBJ
D:\RDM\PROJECTS\33684\ILIVESDK_PUB\SAMPLE\SUIXINBO_QT\DEBUG\VC100.PDB
D:\RDM\PROJECTS\33684\ILIVESDK_PUB\SAMPLE\SUIXINBO_QT\DEBUG\VIDEORENDER.OBJ
D:\RDM\PROJECTS\33684\ILIVESDK_PUB\SAMPLE\SUIXINBO_QT\GENERATEDFILES\DEBUG\MOC_LIVE.CPP
D:\RDM\PROJECTS\33684\ILIVESDK_PUB\SAMPLE\SUIXINBO_QT\GENERATEDFILES\DEBUG\MOC_MAINWINDOW.CPP
D:\RDM\PROJECTS\33684\ILIVESDK_PUB\SAMPLE\SUIXINBO_QT\GENERATEDFILES\DEBUG\MOC_NETWORKHELPER.CPP
D:\RDM\PROJECTS\33684\ILIVESDK_PUB\SAMPLE\SUIXINBO_QT\GENERATEDFILES\DEBUG\MOC_REGISTER.CPP
D:\RDM\PROJECTS\33684\ILIVESDK_PUB\SAMPLE\SUIXINBO_QT\GENERATEDFILES\DEBUG\MOC_ROOMLISTITEM.CPP
D:\RDM\PROJECTS\33684\ILIVESDK_PUB\SAMPLE\SUIXINBO_QT\GENERATEDFILES\DEBUG\MOC_VIDEORENDER.CPP
D:\RDM\PROJECTS\33684\ILIVESDK_PUB\SAMPLE\SUIXINBO_QT\GENERATEDFILES\QRC_RES.CPP
D:\RDM\PROJECTS\33684\ILIVESDK_PUB\SAMPLE\SUIXINBO_QT\GENERATEDFILES\UI_LIVE.H
D:\RDM\PROJECTS\33684\ILIVESDK_PUB\SAMPLE\SUIXINBO_QT\GENERATEDFILES\UI_MAINWINDOW.H
D:\RDM\PROJECTS\33684\ILIVESDK_PUB\SAMPLE\SUIXINBO_QT\GENERATEDFILES\UI_REGISTER.H
D:\RDM\PROJECTS\33684\ILIVESDK_PUB\SAMPLE\SUIXINBO_QT\GENERATEDFILES\UI_ROOMLISTITEM.H
