D:\RDM\PROJECTS\33684\ILIVESDK_PUB\SAMPLE\BIN\RELEASE\SUIXINBO_QT.EXE
D:\rdm\projects\33684\iLiveSDK_pub\sample\bin\Release\suixinbo_Qt.exp
D:\rdm\projects\33684\iLiveSDK_pub\sample\bin\Release\suixinbo_Qt.lib
D:\RDM\PROJECTS\33684\ILIVESDK_PUB\SAMPLE\SUIXINBO_QT\GENERATEDFILES\QRC_RES.CPP
D:\RDM\PROJECTS\33684\ILIVESDK_PUB\SAMPLE\SUIXINBO_QT\GENERATEDFILES\RELEASE\MOC_LIVE.CPP
D:\RDM\PROJECTS\33684\ILIVESDK_PUB\SAMPLE\SUIXINBO_QT\GENERATEDFILES\RELEASE\MOC_MAINWINDOW.CPP
D:\RDM\PROJECTS\33684\ILIVESDK_PUB\SAMPLE\SUIXINBO_QT\GENERATEDFILES\RELEASE\MOC_NETWORKHELPER.CPP
D:\RDM\PROJECTS\33684\ILIVESDK_PUB\SAMPLE\SUIXINBO_QT\GENERATEDFILES\RELEASE\MOC_REGISTER.CPP
D:\RDM\PROJECTS\33684\ILIVESDK_PUB\SAMPLE\SUIXINBO_QT\GENERATEDFILES\RELEASE\MOC_ROOMLISTITEM.CPP
D:\RDM\PROJECTS\33684\ILIVESDK_PUB\SAMPLE\SUIXINBO_QT\GENERATEDFILES\RELEASE\MOC_VIDEORENDER.CPP
D:\RDM\PROJECTS\33684\ILIVESDK_PUB\SAMPLE\SUIXINBO_QT\GENERATEDFILES\UI_LIVE.H
D:\RDM\PROJECTS\33684\ILIVESDK_PUB\SAMPLE\SUIXINBO_QT\GENERATEDFILES\UI_MAINWINDOW.H
D:\RDM\PROJECTS\33684\ILIVESDK_PUB\SAMPLE\SUIXINBO_QT\GENERATEDFILES\UI_REGISTER.H
D:\RDM\PROJECTS\33684\ILIVESDK_PUB\SAMPLE\SUIXINBO_QT\GENERATEDFILES\UI_ROOMLISTITEM.H
D:\rdm\projects\33684\iLiveSDK_pub\sample\suixinbo_Qt\Release\cl.command.1.tlog
D:\rdm\projects\33684\iLiveSDK_pub\sample\suixinbo_Qt\Release\CL.read.1.tlog
D:\rdm\projects\33684\iLiveSDK_pub\sample\suixinbo_Qt\Release\CL.write.1.tlog
D:\rdm\projects\33684\iLiveSDK_pub\sample\suixinbo_Qt\Release\custombuild.command.1.tlog
D:\rdm\projects\33684\iLiveSDK_pub\sample\suixinbo_Qt\Release\custombuild.read.1.tlog
D:\rdm\projects\33684\iLiveSDK_pub\sample\suixinbo_Qt\Release\custombuild.write.1.tlog
D:\RDM\PROJECTS\33684\ILIVESDK_PUB\SAMPLE\SUIXINBO_QT\RELEASE\EVENT.OBJ
D:\rdm\projects\33684\iLiveSDK_pub\sample\suixinbo_Qt\Release\link.command.1.tlog
D:\rdm\projects\33684\iLiveSDK_pub\sample\suixinbo_Qt\Release\link.read.1.tlog
D:\rdm\projects\33684\iLiveSDK_pub\sample\suixinbo_Qt\Release\link.write.1.tlog
D:\rdm\projects\33684\iLiveSDK_pub\sample\suixinbo_Qt\Release\link-cvtres.read.1.tlog
D:\rdm\projects\33684\iLiveSDK_pub\sample\suixinbo_Qt\Release\link-cvtres.write.1.tlog
D:\RDM\PROJECTS\33684\ILIVESDK_PUB\SAMPLE\SUIXINBO_QT\RELEASE\LIVE.OBJ
D:\RDM\PROJECTS\33684\ILIVESDK_PUB\SAMPLE\SUIXINBO_QT\RELEASE\MAIN.OBJ
D:\RDM\PROJECTS\33684\ILIVESDK_PUB\SAMPLE\SUIXINBO_QT\RELEASE\MAINWINDOW.OBJ
D:\RDM\PROJECTS\33684\ILIVESDK_PUB\SAMPLE\SUIXINBO_QT\RELEASE\MESSAGECALLBACK.OBJ
D:\RDM\PROJECTS\33684\ILIVESDK_PUB\SAMPLE\SUIXINBO_QT\RELEASE\MOC_LIVE.OBJ
D:\RDM\PROJECTS\33684\ILIVESDK_PUB\SAMPLE\SUIXINBO_QT\RELEASE\MOC_MAINWINDOW.OBJ
D:\RDM\PROJECTS\33684\ILIVESDK_PUB\SAMPLE\SUIXINBO_QT\RELEASE\MOC_NETWORKHELPER.OBJ
D:\RDM\PROJECTS\33684\ILIVESDK_PUB\SAMPLE\SUIXINBO_QT\RELEASE\MOC_REGISTER.OBJ
D:\RDM\PROJECTS\33684\ILIVESDK_PUB\SAMPLE\SUIXINBO_QT\RELEASE\MOC_ROOMLISTITEM.OBJ
D:\RDM\PROJECTS\33684\ILIVESDK_PUB\SAMPLE\SUIXINBO_QT\RELEASE\MOC_VIDEORENDER.OBJ
D:\rdm\projects\33684\iLiveSDK_pub\sample\suixinbo_Qt\Release\mt.command.1.tlog
D:\rdm\projects\33684\iLiveSDK_pub\sample\suixinbo_Qt\Release\mt.read.1.tlog
D:\rdm\projects\33684\iLiveSDK_pub\sample\suixinbo_Qt\Release\mt.write.1.tlog
D:\RDM\PROJECTS\33684\ILIVESDK_PUB\SAMPLE\SUIXINBO_QT\RELEASE\NETWORKHELPER.OBJ
D:\RDM\PROJECTS\33684\ILIVESDK_PUB\SAMPLE\SUIXINBO_QT\RELEASE\PICDOWNHELPER.OBJ
D:\RDM\PROJECTS\33684\ILIVESDK_PUB\SAMPLE\SUIXINBO_QT\RELEASE\QRC_RES.OBJ
D:\rdm\projects\33684\iLiveSDK_pub\sample\suixinbo_Qt\Release\rc.command.1.tlog
D:\rdm\projects\33684\iLiveSDK_pub\sample\suixinbo_Qt\Release\rc.read.1.tlog
D:\rdm\projects\33684\iLiveSDK_pub\sample\suixinbo_Qt\Release\rc.write.1.tlog
D:\RDM\PROJECTS\33684\ILIVESDK_PUB\SAMPLE\SUIXINBO_QT\RELEASE\REGISTER.OBJ
D:\RDM\PROJECTS\33684\ILIVESDK_PUB\SAMPLE\SUIXINBO_QT\RELEASE\RES.RES
D:\RDM\PROJECTS\33684\ILIVESDK_PUB\SAMPLE\SUIXINBO_QT\RELEASE\ROOMLISTITEM.OBJ
D:\RDM\PROJECTS\33684\ILIVESDK_PUB\SAMPLE\SUIXINBO_QT\RELEASE\STDAFX.OBJ
D:\RDM\PROJECTS\33684\ILIVESDK_PUB\SAMPLE\SUIXINBO_QT\RELEASE\SUIXINBO_QT.EXE.INTERMEDIATE.MANIFEST
D:\RDM\PROJECTS\33684\ILIVESDK_PUB\SAMPLE\SUIXINBO_QT\RELEASE\SUIXINBO_QT.PCH
D:\rdm\projects\33684\iLiveSDK_pub\sample\suixinbo_Qt\Release\suixinbo_Qt.write.1.tlog
D:\RDM\PROJECTS\33684\ILIVESDK_PUB\SAMPLE\SUIXINBO_QT\RELEASE\SXBSERVERHELPER.OBJ
D:\RDM\PROJECTS\33684\ILIVESDK_PUB\SAMPLE\SUIXINBO_QT\RELEASE\UTIL.OBJ
D:\RDM\PROJECTS\33684\ILIVESDK_PUB\SAMPLE\SUIXINBO_QT\RELEASE\VIDEORENDER.OBJ
